2026-03-15T11:45:10.324855Z	Cloning repository...
2026-03-15T11:45:11.092006Z	From https://github.com/zelig53/bdikat-luach
2026-03-15T11:45:11.092401Z	 * branch            d34399ec24f4bcf4f4d64dd642ea0e05ec4c0c89 -> FETCH_HEAD
2026-03-15T11:45:11.092494Z	
2026-03-15T11:45:11.107627Z	HEAD is now at d34399e Delete app-updated directory
2026-03-15T11:45:11.107902Z	
2026-03-15T11:45:11.143868Z	
2026-03-15T11:45:11.144249Z	Using v2 root directory strategy
2026-03-15T11:45:11.154931Z	Success: Finished cloning repository files
2026-03-15T11:45:23.329858Z	
2026-03-15T11:45:23.329858Z	
2026-03-15T11:45:24.417644Z	No Wrangler configuration file found. Continuing.
2026-03-15T11:45:27.822561Z	npm warn deprecated source-map@0.8.0-beta.0: The work that was done in this beta branch won't be included in future versions
2026-03-15T11:45:29.009823Z	npm warn deprecated glob@10.5.0: Old versions of glob are not supported, and contain widely publicized security vulnerabilities, which have been fixed in the current version. Please update. Support for old versions may be purchased (at exorbitant rates) by contacting i@izs.me
2026-03-15T11:45:31.417091Z	
2026-03-15T11:45:31.719077Z	
2026-03-15T11:45:31.719413Z	> react-example@0.0.0 build
2026-03-15T11:45:31.719471Z	> vite build
2026-03-15T11:45:31.719553Z	
2026-03-15T11:45:37.489288Z	Failed: error occurred while running build command